make.exe all --print-data-base --no-builtin-variables --no-builtin-rules --question
make.exe: *** No rule to make target 'all'.  Stop.

# GNU Make 4.2
# Built for i686-w64-mingw32
# Copyright (C) 1988-2016 Free Software Foundation, Inc.
# License GPLv3+: GNU GPL version 3 or later <http://gnu.org/licenses/gpl.html>
# This is free software: you are free to change and redistribute it.
# There is NO WARRANTY, to the extent permitted by law.

# Make data base, printed on Wed Aug 24 00:02:58 2022

# Variables

# 'override' directive
GNUMAKEFLAGS := 
# automatic
<D = $(patsubst %/,%,$(patsubst %\,%,$(dir $<)))
# automatic
?F = $(notdir $?)
# default
.SHELLFLAGS := -c
# makefile
MAKEFLAGS = pqrR
# automatic
?D = $(patsubst %/,%,$(patsubst %\,%,$(dir $?)))
# automatic
@D = $(patsubst %/,%,$(patsubst %\,%,$(dir $@)))
# environment
HOMEDRIVE = C:
# automatic
@F = $(notdir $@)
# automatic
^D = $(patsubst %/,%,$(patsubst %\,%,$(dir $^)))
# makefile
CURDIR := f:/Repos/CS-Core-Subjects
# default
SHELL := D:/Softwares/MinGW/bin/sh.exe
# environment
CLION = D:\Softwares\CLion 2019.3.2\bin;
# environment
WINDIR = C:\WINDOWS
# environment
VSCODE_NLS_CONFIG = {"locale":"en-us","availableLanguages":{},"_languagePackSupport":true}
# environment
ONEDRIVE = C:\Users\acedia\OneDrive
# environment
PUBLIC = C:\Users\Public
# environment
PATHEXT = .COM;.EXE;.BAT;.CMD;.VBS;.VBE;.JS;.JSE;.WSF;.WSH;.MSC;.PY;.PYW;.RB;.RBW
# makefile
MAKEFILE_LIST := 
# environment
TMP = C:\Users\acedia\AppData\Local\Temp
# environment
PROGRAMW6432 = C:\Program Files
# environment
PROGRAMDATA = C:\ProgramData
# environment
VSCODE_CWD = C:\Users\acedia\AppData\Local\GitHubDesktop\app-3.0.5
# environment
CYGWIN_HOME = D:\Softwares\cygwin\
# default
MAKE_HOST := i686-w64-mingw32
# environment
PATH = D:\Softwares\OpenJDK\bin;D:\Softwares\Python\Scripts\;D:\Softwares\Python\;D:\Softwares\Vmware\bin\;D:\Softwares\Anaconda\Scripts\;D:\Softwares\Anaconda\;C:\Program Files (x86)\Common Files\Intel\Shared Libraries\redist\ia32\compiler;C:\Program Files (x86)\Common Files\Intel\Shared Libraries\redist\intel64\compiler;C:\Windows\system32;C:\Windows;C:\Windows\System32\Wbem;C:\Windows\System32\WindowsPowerShell\v1.0\;C:\Program Files (x86)\NVIDIA Corporation\PhysX\Common;D:\Softwares\Calibre\;D:\Softwares\Git\cmd;C:\Program Files (x86)\ZeroTier\One\;D:\Softwares\nodejs\;C:\WINDOWS\system32;C:\WINDOWS;C:\WINDOWS\System32\Wbem;C:\WINDOWS\System32\WindowsPowerShell\v1.0\;C:\WINDOWS\System32\OpenSSH\;C:\ProgramData\chocolatey\bin;C:\Program Files\Microsoft SQL Server\150\Tools\Binn\;D:\Softwares\Ruby30-x64\bin;D:\Softwares\ffmpeg\bin;D:\Softwares\PyCharm 2019.3.4\bin;D:\Softwares\MinGW\bin;D:\Softwares\Youtubedl;D:\Softwares\Exercism;C:\Users\acedia\AppData\Roaming\npm;C:\Users\acedia\AppData\Local\Microsoft\WindowsApps;C:\Users\acedia\AppData\Local\GitHubDesktop\bin;Z:\Essentials\Microsoft VS Code\bin;C:\Users\acedia\spicetify-cli;D:\Softwares\cygwin\\bin;
# environment
COMMONPROGRAMW6432 = C:\Program Files\Common Files
# environment
LC_ALL = C
# environment
CHOCOLATEYLASTPATHUPDATE = 133026274065967278
# environment
PROCESSOR_ARCHITECTURE = x86
# environment
USERPROFILE = C:\Users\acedia
# environment
CHOCOLATEYINSTALL = C:\ProgramData\chocolatey
# environment
ALLUSERSPROFILE = C:\ProgramData
# environment
NUMBER_OF_PROCESSORS = 16
# environment
ELECTRON_RUN_AS_NODE = 1
# default
.FEATURES := target-specific order-only second-expansion else-if shortest-stem undefine oneshell archives jobserver output-sync
# automatic
%F = $(notdir $%)
# environment
CHROME_CRASHPAD_PIPE_NAME = \\.\pipe\crashpad_5836_OZPUEULLZMYXFRUZ
# environment
COMPUTERNAME = FULL-BLOWN-CALO
# environment
PROGRAMFILES = C:\Program Files (x86)
# default
.LOADED := 
# environment
DRIVERDATA = C:\Windows\System32\Drivers\DriverData
# environment
ORIGINAL_XDG_CURRENT_DESKTOP = undefined
# environment
USERNAME = acedia
# environment
KMP_DUPLICATE_LIB_OK = TRUE
# environment
VSCODE_AMD_ENTRYPOINT = vs/workbench/api/node/extensionHostProcess
# environment
VSCODE_CLI = 1
# environment
VSCODE_CODE_CACHE_PATH = C:\Users\acedia\AppData\Roaming\Code\CachedData\e4503b30fc78200f846c62cf8091b76ff5547662
# environment
APPLICATION_INSIGHTS_NO_DIAGNOSTIC_CHANNEL = true
# environment
COMMONPROGRAMFILES = C:\Program Files (x86)\Common Files
# environment
LOGONSERVER = \\FULL-BLOWN-CALO
# environment
VSCODE_HANDLES_UNCAUGHT_ERRORS = true
# environment
USERDOMAIN = FULL-BLOWN-CALO
# environment
MIC_LD_LIBRARY_PATH = C:\Program Files (x86)\Common Files\Intel\Shared Libraries\compiler\lib\mic
# environment
MAKELEVEL := 0
# default
MAKE = $(MAKE_COMMAND)
# default
MAKECMDGOALS := all
# environment
LOCAL_GIT_DIRECTORY = C:\Users\acedia\AppData\Local\GitHubDesktop\app-3.0.5\resources\app\git
# default
MAKE_VERSION := 4.2
# makefile
.DEFAULT_GOAL := 
# environment
PROGRAMFILES(X86) = C:\Program Files (x86)
# automatic
%D = $(patsubst %/,%,$(patsubst %\,%,$(dir $%)))
# environment
JD2_HOME = D:\Softwares\JDownloader
# environment
LOCALAPPDATA = C:\Users\acedia\AppData\Local
# environment
PSMODULEPATH = C:\Program Files\WindowsPowerShell\Modules;C:\WINDOWS\system32\WindowsPowerShell\v1.0\Modules
# default
MAKE_COMMAND := make.exe
# environment
PROCESSOR_ARCHITEW6432 = AMD64
# default
.VARIABLES := 
# automatic
*F = $(notdir $*)
# environment
PROCESSOR_IDENTIFIER = AMD64 Family 23 Model 1 Stepping 1, AuthenticAMD
# environment
OS = Windows_NT
# environment
VSCODE_IPC_HOOK = \\.\pipe\5ef5f6afa51bc13e343c4ba3e96b0f5e-1.70.2-main-sock
# environment
HOMEPATH = \Users\acedia
# environment
COMMONPROGRAMFILES(X86) = C:\Program Files (x86)\Common Files
# environment
PROMPT = $P$G
# environment
MFLAGS = -pqrR
# automatic
*D = $(patsubst %/,%,$(patsubst %\,%,$(dir $*)))
# environment
INTEL_DEV_REDIST = C:\Program Files (x86)\Common Files\Intel\Shared Libraries\
# environment
SYSTEMROOT = C:\WINDOWS
# automatic
+D = $(patsubst %/,%,$(patsubst %\,%,$(dir $+)))
# automatic
+F = $(notdir $+)
# environment
APPDATA = C:\Users\acedia\AppData\Roaming
# environment
TEMP = C:\Users\acedia\AppData\Local\Temp
# environment
COMSPEC = C:\WINDOWS\system32\cmd.exe
# default
MAKEFILES := 
# automatic
<F = $(notdir $<)
# environment
ELECTRON_NO_ATTACH_CONSOLE = 1
# automatic
^F = $(notdir $^)
# default
SUFFIXES := 
# environment
SYSTEMDRIVE = C:
# environment
SESSIONNAME = Console
# environment
PROCESSOR_REVISION = 0101
# environment
PYCHARM = D:\Softwares\PyCharm 2019.3.4\bin;
# environment
MOZ_PLUGIN_PATH = D:\Softwares\FoxitPDF\plugins\
# default
.RECIPEPREFIX := 
# environment
LANG = C
# environment
PROCESSOR_LEVEL = 23
# environment
VSCODE_PID = 5836
# environment
NO_XILINX_DATA_LICENSE = HIDDEN
# environment
USERDOMAIN_ROAMINGPROFILE = FULL-BLOWN-CALO
# variable set hash-table stats:
# Load=100/1024=10%, Rehash=0, Collisions=18/117=15%

# Pattern-specific Variable Values

# No pattern-specific variable values.

# Directories

# . (key f:/Repos/CS-Core-Subjects, mtime 1661279578ll): 5 files, no impossibilities.

# 5 files, no impossibilities in 1 directories.

# Implicit Rules

# No implicit rules.

# Files

# Not a target:
all:
#  Command line target.
#  Implicit rule search has been done.
#  File does not exist.
#  File has not been updated.

# Not a target:
Makefile:
#  Implicit rule search has been done.
#  File does not exist.
#  File has been updated.
#  Failed to be updated.

# Not a target:
makefile:
#  Implicit rule search has been done.
#  File does not exist.
#  File has been updated.
#  Failed to be updated.

# Not a target:
makefile.mak:
#  Implicit rule search has been done.
#  File does not exist.
#  File has been updated.
#  Failed to be updated.

# Not a target:
.DEFAULT:
#  Implicit rule search has not been done.
#  Modification time never checked.
#  File has not been updated.

# Not a target:
GNUmakefile:
#  Implicit rule search has been done.
#  File does not exist.
#  File has been updated.
#  Failed to be updated.

# files hash-table stats:
# Load=7/1024=1%, Rehash=0, Collisions=0/16=0%
# VPATH Search Paths

# No 'vpath' search paths.

# No general ('VPATH' variable) search path.

# strcache buffers: 1 (0) / strings = 12 / storage = 112 B / avg = 9 B
# current buf: size = 8174 B / used = 112 B / count = 12 / avg = 9 B

# strcache performance: lookups = 14 / hit rate = 14%
# hash-table stats:
# Load=12/8192=0%, Rehash=0, Collisions=1/14=7%
# Finished Make data base on Wed Aug 24 00:02:58 2022

 
